<?xml version="1.0" encoding="UTF-8"?>
<testsuite xmlns:xsi="http://www.w3.org/2001/XMLSchema-instance" xsi:noNamespaceSchemaLocation="https://maven.apache.org/surefire/maven-surefire-plugin/xsd/surefire-test-report-3.0.xsd" version="3.0" name="edu.georgetown.bll.UserServiceTest" time="2.004" tests="6" errors="0" skipped="0" failures="0">
  <properties>
[...]
</properties>
  <testcase name="testGetUsers" classname="edu.georgetown.bll.UserServiceTest" time="0.353">
    <system-err><![CDATA[Apr 06, 2024 5:09:59 AM edu.georgetown.bll.user.UserService <init>
INFO: UserService started
Apr 06, 2024 5:09:59 AM edu.georgetown.bll.user.UserService <init>
INFO: conncected to mongodb
]]></system-err>
  </testcase>
  <testcase name="testRegisterUser_Success" classname="edu.georgetown.bll.UserServiceTest" time="0.305">
    <system-err><![CDATA[Apr 06, 2024 5:09:59 AM edu.georgetown.bll.user.UserService <init>
INFO: UserService started
Apr 06, 2024 5:09:59 AM edu.georgetown.bll.user.UserService <init>
INFO: conncected to mongodb
Apr 06, 2024 5:09:59 AM edu.georgetown.bll.user.UserService registerUser
INFO: Attempting to register user: testuser
Apr 06, 2024 5:09:59 AM edu.georgetown.bll.user.UserService registerUser
INFO: User registered successfully: testuser
]]></system-err>
  </testcase>
  <testcase name="testAddFollower_Success" classname="edu.georgetown.bll.UserServiceTest" time="0.392">
    <system-err><![CDATA[Apr 06, 2024 5:09:59 AM edu.georgetown.bll.user.UserService <init>
INFO: UserService started
Apr 06, 2024 5:09:59 AM edu.georgetown.bll.user.UserService <init>
INFO: conncected to mongodb
Apr 06, 2024 5:09:59 AM edu.georgetown.bll.user.UserService registerUser
INFO: Attempting to register user: testuser
Apr 06, 2024 5:10:00 AM edu.georgetown.bll.user.UserService registerUser
INFO: User registered successfully: testuser
Apr 06, 2024 5:10:00 AM edu.georgetown.bll.user.UserService registerUser
INFO: Attempting to register user: usertofollow
Apr 06, 2024 5:10:00 AM edu.georgetown.bll.user.UserService registerUser
INFO: User registered successfully: usertofollow
Apr 06, 2024 5:10:00 AM edu.georgetown.bll.user.UserService addFollower
INFO: Attempting to add follower for user: testuser
Apr 06, 2024 5:10:00 AM edu.georgetown.bll.user.UserService addFollower
INFO: Added usertofollow to testuser's following list.
]]></system-err>
  </testcase>
  <testcase name="testLoginUser_Success" classname="edu.georgetown.bll.UserServiceTest" time="0.327">
    <system-err><![CDATA[Apr 06, 2024 5:10:00 AM edu.georgetown.bll.user.UserService <init>
INFO: UserService started
Apr 06, 2024 5:10:00 AM edu.georgetown.bll.user.UserService <init>
INFO: conncected to mongodb
Apr 06, 2024 5:10:00 AM edu.georgetown.bll.user.UserService registerUser
INFO: Attempting to register user: testuser
Apr 06, 2024 5:10:00 AM edu.georgetown.bll.user.UserService registerUser
INFO: User registered successfully: testuser
Apr 06, 2024 5:10:00 AM edu.georgetown.bll.user.UserService loginUser
INFO: successful login for testuser
]]></system-err>
  </testcase>
  <testcase name="testLoginUser_Failure" classname="edu.georgetown.bll.UserServiceTest" time="0.287">
    <system-err><![CDATA[Apr 06, 2024 5:10:00 AM edu.georgetown.bll.user.UserService <init>
INFO: UserService started
Apr 06, 2024 5:10:00 AM edu.georgetown.bll.user.UserService <init>
INFO: conncected to mongodb
Apr 06, 2024 5:10:00 AM edu.georgetown.bll.user.UserService loginUser
INFO: failed login for testuser due to incorrect password.
]]></system-err>
  </testcase>
  <testcase name="testAddFollower_UserNotFound" classname="edu.georgetown.bll.UserServiceTest" time="0.317">
    <system-err><![CDATA[Apr 06, 2024 5:10:00 AM edu.georgetown.bll.user.UserService <init>
INFO: UserService started
Apr 06, 2024 5:10:00 AM edu.georgetown.bll.user.UserService <init>
INFO: conncected to mongodb
Apr 06, 2024 5:10:00 AM edu.georgetown.bll.user.UserService registerUser
INFO: Attempting to register user: testuser
Apr 06, 2024 5:10:01 AM edu.georgetown.bll.user.UserService registerUser
INFO: User registered successfully: testuser
Apr 06, 2024 5:10:01 AM edu.georgetown.bll.user.UserService addFollower
INFO: Attempting to add follower for user: testuser
Apr 06, 2024 5:10:01 AM edu.georgetown.bll.user.UserService addFollower
INFO: User to follow not found: nonexistentuser
]]></system-err>
  </testcase>
</testsuite>