<?xml version="1.0" encoding="UTF-8"?>
<testsuite xmlns:xsi="http://www.w3.org/2001/XMLSchema-instance" xsi:noNamespaceSchemaLocation="https://maven.apache.org/surefire/maven-surefire-plugin/xsd/surefire-test-report-3.0.xsd" version="3.0" name="edu.georgetown.bll.UserServiceTest" time="2.755" tests="8" errors="0" skipped="0" failures="1">
  <properties>
[...]
</properties>
  <testcase name="testGetUsers" classname="edu.georgetown.bll.UserServiceTest" time="0.406">
    <system-err><![CDATA[Apr 06, 2024 4:27:50 AM edu.georgetown.bll.user.UserService <init>
INFO: UserService started
Apr 06, 2024 4:27:50 AM edu.georgetown.bll.user.UserService <init>
INFO: conncected to mongodb
]]></system-err>
  </testcase>
  <testcase name="testRegisterUser_Success" classname="edu.georgetown.bll.UserServiceTest" time="0.3">
    <system-err><![CDATA[Apr 06, 2024 4:27:50 AM edu.georgetown.bll.user.UserService <init>
INFO: UserService started
Apr 06, 2024 4:27:50 AM edu.georgetown.bll.user.UserService <init>
INFO: conncected to mongodb
Apr 06, 2024 4:27:50 AM edu.georgetown.bll.user.UserService registerUser
INFO: Attempting to register user: testuser
Apr 06, 2024 4:27:50 AM edu.georgetown.bll.user.UserService registerUser
INFO: User registered successfully: testuser
]]></system-err>
  </testcase>
  <testcase name="testAddFollower_Success" classname="edu.georgetown.bll.UserServiceTest" time="0.422">
    <system-err><![CDATA[Apr 06, 2024 4:27:50 AM edu.georgetown.bll.user.UserService <init>
INFO: UserService started
Apr 06, 2024 4:27:50 AM edu.georgetown.bll.user.UserService <init>
INFO: conncected to mongodb
Apr 06, 2024 4:27:50 AM edu.georgetown.bll.user.UserService registerUser
INFO: Attempting to register user: testuser
Apr 06, 2024 4:27:51 AM edu.georgetown.bll.user.UserService registerUser
INFO: User registered successfully: testuser
Apr 06, 2024 4:27:51 AM edu.georgetown.bll.user.UserService registerUser
INFO: Attempting to register user: usertofollow
Apr 06, 2024 4:27:51 AM edu.georgetown.bll.user.UserService registerUser
INFO: User registered successfully: usertofollow
Apr 06, 2024 4:27:51 AM edu.georgetown.bll.user.UserService addFollower
INFO: Attempting to add follower for user: testuser
Apr 06, 2024 4:27:51 AM edu.georgetown.bll.user.UserService addFollower
INFO: Added usertofollow to testuser's following list.
]]></system-err>
  </testcase>
  <testcase name="testLoginUser_Success" classname="edu.georgetown.bll.UserServiceTest" time="0.379">
    <system-err><![CDATA[Apr 06, 2024 4:27:51 AM edu.georgetown.bll.user.UserService <init>
INFO: UserService started
Apr 06, 2024 4:27:51 AM edu.georgetown.bll.user.UserService <init>
INFO: conncected to mongodb
Apr 06, 2024 4:27:51 AM edu.georgetown.bll.user.UserService registerUser
INFO: Attempting to register user: testuser
Apr 06, 2024 4:27:51 AM edu.georgetown.bll.user.UserService registerUser
INFO: User registered successfully: testuser
Apr 06, 2024 4:27:51 AM edu.georgetown.bll.user.UserService loginUser
INFO: successful login for testuser
]]></system-err>
  </testcase>
  <testcase name="testRegisterUser_Failure" classname="edu.georgetown.bll.UserServiceTest" time="0.314">
    <failure message="expected: &lt;false&gt; but was: &lt;true&gt;" type="org.opentest4j.AssertionFailedError"><![CDATA[org.opentest4j.AssertionFailedError: expected: <false> but was: <true>
	at org.junit.jupiter.api.AssertionUtils.fail(AssertionUtils.java:55)
	at org.junit.jupiter.api.AssertFalse.assertFalse(AssertFalse.java:40)
	at org.junit.jupiter.api.AssertFalse.assertFalse(AssertFalse.java:35)
	at org.junit.jupiter.api.Assertions.assertFalse(Assertions.java:210)
	at edu.georgetown.bll.UserServiceTest.testRegisterUser_Failure(UserServiceTest.java:44)
	at java.base/jdk.internal.reflect.NativeMethodAccessorImpl.invoke0(Native Method)
	at java.base/jdk.internal.reflect.NativeMethodAccessorImpl.invoke(NativeMethodAccessorImpl.java:62)
	at java.base/jdk.internal.reflect.DelegatingMethodAccessorImpl.invoke(DelegatingMethodAccessorImpl.java:43)
	at java.base/java.lang.reflect.Method.invoke(Method.java:566)
	at org.junit.platform.commons.util.ReflectionUtils.invokeMethod(ReflectionUtils.java:688)
	at org.junit.jupiter.engine.execution.MethodInvocation.proceed(MethodInvocation.java:60)
	at org.junit.jupiter.engine.execution.InvocationInterceptorChain$ValidatingInvocation.proceed(InvocationInterceptorChain.java:131)
	at org.junit.jupiter.engine.extension.TimeoutExtension.intercept(TimeoutExtension.java:149)
	at org.junit.jupiter.engine.extension.TimeoutExtension.interceptTestableMethod(TimeoutExtension.java:140)
	at org.junit.jupiter.engine.extension.TimeoutExtension.interceptTestMethod(TimeoutExtension.java:84)
	at org.junit.jupiter.engine.execution.ExecutableInvoker$ReflectiveInterceptorCall.lambda$ofVoidMethod$0(ExecutableInvoker.java:115)
	at org.junit.jupiter.engine.execution.ExecutableInvoker.lambda$invoke$0(ExecutableInvoker.java:105)
	at org.junit.jupiter.engine.execution.InvocationInterceptorChain$InterceptedInvocation.proceed(InvocationInterceptorChain.java:106)
	at org.junit.jupiter.engine.execution.InvocationInterceptorChain.proceed(InvocationInterceptorChain.java:64)
	at org.junit.jupiter.engine.execution.InvocationInterceptorChain.chainAndInvoke(InvocationInterceptorChain.java:45)
	at org.junit.jupiter.engine.execution.InvocationInterceptorChain.invoke(InvocationInterceptorChain.java:37)
	at org.junit.jupiter.engine.execution.ExecutableInvoker.invoke(ExecutableInvoker.java:104)
	at org.junit.jupiter.engine.execution.ExecutableInvoker.invoke(ExecutableInvoker.java:98)
	at org.junit.jupiter.engine.descriptor.TestMethodTestDescriptor.lambda$invokeTestMethod$6(TestMethodTestDescriptor.java:210)
	at org.junit.platform.engine.support.hierarchical.ThrowableCollector.execute(ThrowableCollector.java:73)
	at org.junit.jupiter.engine.descriptor.TestMethodTestDescriptor.invokeTestMethod(TestMethodTestDescriptor.java:206)
	at org.junit.jupiter.engine.descriptor.TestMethodTestDescriptor.execute(TestMethodTestDescriptor.java:131)
	at org.junit.jupiter.engine.descriptor.TestMethodTestDescriptor.execute(TestMethodTestDescriptor.java:65)
	at org.junit.platform.engine.support.hierarchical.NodeTestTask.lambda$executeRecursively$5(NodeTestTask.java:139)
	at org.junit.platform.engine.support.hierarchical.ThrowableCollector.execute(ThrowableCollector.java:73)
	at org.junit.platform.engine.support.hierarchical.NodeTestTask.lambda$executeRecursively$7(NodeTestTask.java:129)
	at org.junit.platform.engine.support.hierarchical.Node.around(Node.java:137)
	at org.junit.platform.engine.support.hierarchical.NodeTestTask.lambda$executeRecursively$8(NodeTestTask.java:127)
	at org.junit.platform.engine.support.hierarchical.ThrowableCollector.execute(ThrowableCollector.java:73)
	at org.junit.platform.engine.support.hierarchical.NodeTestTask.executeRecursively(NodeTestTask.java:126)
	at org.junit.platform.engine.support.hierarchical.NodeTestTask.execute(NodeTestTask.java:84)
	at java.base/java.util.ArrayList.forEach(ArrayList.java:1541)
	at org.junit.platform.engine.support.hierarchical.SameThreadHierarchicalTestExecutorService.invokeAll(SameThreadHierarchicalTestExecutorService.java:38)
	at org.junit.platform.engine.support.hierarchical.NodeTestTask.lambda$executeRecursively$5(NodeTestTask.java:143)
	at org.junit.platform.engine.support.hierarchical.ThrowableCollector.execute(ThrowableCollector.java:73)
	at org.junit.platform.engine.support.hierarchical.NodeTestTask.lambda$executeRecursively$7(NodeTestTask.java:129)
	at org.junit.platform.engine.support.hierarchical.Node.around(Node.java:137)
	at org.junit.platform.engine.support.hierarchical.NodeTestTask.lambda$executeRecursively$8(NodeTestTask.java:127)
	at org.junit.platform.engine.support.hierarchical.ThrowableCollector.execute(ThrowableCollector.java:73)
	at org.junit.platform.engine.support.hierarchical.NodeTestTask.executeRecursively(NodeTestTask.java:126)
	at org.junit.platform.engine.support.hierarchical.NodeTestTask.execute(NodeTestTask.java:84)
	at java.base/java.util.ArrayList.forEach(ArrayList.java:1541)
	at org.junit.platform.engine.support.hierarchical.SameThreadHierarchicalTestExecutorService.invokeAll(SameThreadHierarchicalTestExecutorService.java:38)
	at org.junit.platform.engine.support.hierarchical.NodeTestTask.lambda$executeRecursively$5(NodeTestTask.java:143)
	at org.junit.platform.engine.support.hierarchical.ThrowableCollector.execute(ThrowableCollector.java:73)
	at org.junit.platform.engine.support.hierarchical.NodeTestTask.lambda$executeRecursively$7(NodeTestTask.java:129)
	at org.junit.platform.engine.support.hierarchical.Node.around(Node.java:137)
	at org.junit.platform.engine.support.hierarchical.NodeTestTask.lambda$executeRecursively$8(NodeTestTask.java:127)
	at org.junit.platform.engine.support.hierarchical.ThrowableCollector.execute(ThrowableCollector.java:73)
	at org.junit.platform.engine.support.hierarchical.NodeTestTask.executeRecursively(NodeTestTask.java:126)
	at org.junit.platform.engine.support.hierarchical.NodeTestTask.execute(NodeTestTask.java:84)
	at org.junit.platform.engine.support.hierarchical.SameThreadHierarchicalTestExecutorService.submit(SameThreadHierarchicalTestExecutorService.java:32)
	at org.junit.platform.engine.support.hierarchical.HierarchicalTestExecutor.execute(HierarchicalTestExecutor.java:57)
	at org.junit.platform.engine.support.hierarchical.HierarchicalTestEngine.execute(HierarchicalTestEngine.java:51)
	at org.junit.platform.launcher.core.EngineExecutionOrchestrator.execute(EngineExecutionOrchestrator.java:108)
	at org.junit.platform.launcher.core.EngineExecutionOrchestrator.execute(EngineExecutionOrchestrator.java:88)
	at org.junit.platform.launcher.core.EngineExecutionOrchestrator.lambda$execute$0(EngineExecutionOrchestrator.java:54)
	at org.junit.platform.launcher.core.EngineExecutionOrchestrator.withInterceptedStreams(EngineExecutionOrchestrator.java:67)
	at org.junit.platform.launcher.core.EngineExecutionOrchestrator.execute(EngineExecutionOrchestrator.java:52)
	at org.junit.platform.launcher.core.DefaultLauncher.execute(DefaultLauncher.java:96)
	at org.junit.platform.launcher.core.DefaultLauncher.execute(DefaultLauncher.java:75)
	at org.apache.maven.surefire.junitplatform.LazyLauncher.execute(LazyLauncher.java:56)
	at org.apache.maven.surefire.junitplatform.JUnitPlatformProvider.execute(JUnitPlatformProvider.java:184)
	at org.apache.maven.surefire.junitplatform.JUnitPlatformProvider.invokeAllTests(JUnitPlatformProvider.java:148)
	at org.apache.maven.surefire.junitplatform.JUnitPlatformProvider.invoke(JUnitPlatformProvider.java:122)
	at org.apache.maven.surefire.booter.ForkedBooter.runSuitesInProcess(ForkedBooter.java:385)
	at org.apache.maven.surefire.booter.ForkedBooter.execute(ForkedBooter.java:162)
	at org.apache.maven.surefire.booter.ForkedBooter.run(ForkedBooter.java:507)
	at org.apache.maven.surefire.booter.ForkedBooter.main(ForkedBooter.java:495)
]]></failure>
    <system-err><![CDATA[Apr 06, 2024 4:27:51 AM edu.georgetown.bll.user.UserService <init>
INFO: UserService started
Apr 06, 2024 4:27:51 AM edu.georgetown.bll.user.UserService <init>
INFO: conncected to mongodb
Apr 06, 2024 4:27:51 AM edu.georgetown.bll.user.UserService registerUser
INFO: Attempting to register user: existinguser
Apr 06, 2024 4:27:51 AM edu.georgetown.bll.user.UserService registerUser
INFO: User registered successfully: existinguser
Apr 06, 2024 4:27:51 AM edu.georgetown.bll.user.UserService registerUser
INFO: Attempting to register user: existinguser
Apr 06, 2024 4:27:52 AM edu.georgetown.bll.user.UserService registerUser
INFO: User registered successfully: existinguser
]]></system-err>
  </testcase>
  <testcase name="testLoginUser_Failure" classname="edu.georgetown.bll.UserServiceTest" time="0.3">
    <system-err><![CDATA[Apr 06, 2024 4:27:52 AM edu.georgetown.bll.user.UserService <init>
INFO: UserService started
Apr 06, 2024 4:27:52 AM edu.georgetown.bll.user.UserService <init>
INFO: conncected to mongodb
Apr 06, 2024 4:27:52 AM edu.georgetown.bll.user.UserService loginUser
INFO: failed login for testuser due to incorrect password.
]]></system-err>
  </testcase>
  <testcase name="testAddFollower_UserNotFound" classname="edu.georgetown.bll.UserServiceTest" time="0.316">
    <system-err><![CDATA[Apr 06, 2024 4:27:52 AM edu.georgetown.bll.user.UserService <init>
INFO: UserService started
Apr 06, 2024 4:27:52 AM edu.georgetown.bll.user.UserService <init>
INFO: conncected to mongodb
Apr 06, 2024 4:27:52 AM edu.georgetown.bll.user.UserService registerUser
INFO: Attempting to register user: testuser
Apr 06, 2024 4:27:52 AM edu.georgetown.bll.user.UserService registerUser
INFO: User registered successfully: testuser
Apr 06, 2024 4:27:52 AM edu.georgetown.bll.user.UserService addFollower
INFO: Attempting to add follower for user: testuser
Apr 06, 2024 4:27:52 AM edu.georgetown.bll.user.UserService addFollower
INFO: User to follow not found: nonexistentuser
]]></system-err>
  </testcase>
  <testcase name="testSwitchToPrivate" classname="edu.georgetown.bll.UserServiceTest" time="0.303">
    <system-err><![CDATA[Apr 06, 2024 4:27:52 AM edu.georgetown.bll.user.UserService <init>
INFO: UserService started
Apr 06, 2024 4:27:52 AM edu.georgetown.bll.user.UserService <init>
INFO: conncected to mongodb
Apr 06, 2024 4:27:52 AM edu.georgetown.bll.user.UserService registerUser
INFO: Attempting to register user: testuser
Apr 06, 2024 4:27:52 AM edu.georgetown.bll.user.UserService registerUser
INFO: User registered successfully: testuser
Apr 06, 2024 4:27:52 AM edu.georgetown.bll.user.UserService switchToPrivate
INFO: Switching user to private: testuser
Apr 06, 2024 4:27:52 AM edu.georgetown.bll.user.UserService switchToPrivate
INFO: User successfully switched to private: testuser
]]></system-err>
  </testcase>
</testsuite>